
AVRASM ver. 2.1.30  C:\Users\mhn\Desktop\P\Program\uc\Debug\List\uc.asm Sun Oct 04 11:52:44 2020

                 
                 
                 ;CodeVisionAVR C Compiler V3.12 Advanced
                 ;(C) Copyright 1998-2014 Pavel Haiduc, HP InfoTech s.r.l.
                 ;http://www.hpinfotech.com
                 
                 ;Build configuration    : Debug
                 ;Chip type              : ATmega8A
                 ;Program type           : Application
                 ;Clock frequency        : 8.000000 MHz
                 ;Memory model           : Small
                 ;Optimize for           : Size
                 ;(s)printf features     : int, width
                 ;(s)scanf features      : int, width
                 ;External RAM size      : 0
                 ;Data Stack size        : 256 byte(s)
                 ;Heap size              : 0 byte(s)
                 ;Promote 'char' to 'int': Yes
                 ;'char' is unsigned     : Yes
                 ;8 bit enums            : Yes
                 ;Global 'const' stored in FLASH: Yes
                 ;Enhanced function parameter passing: Yes
                 ;Enhanced core instructions: On
                 ;Automatic register allocation for global variables: On
                 ;Smart register allocation: On
                 
                 	#define _MODEL_SMALL_
                 
                 	#pragma AVRPART ADMIN PART_NAME ATmega8A
                 	#pragma AVRPART MEMORY PROG_FLASH 8192
                 	#pragma AVRPART MEMORY EEPROM 512
                 	#pragma AVRPART MEMORY INT_SRAM SIZE 1024
                 	#pragma AVRPART MEMORY INT_SRAM START_ADDR 0x60
                 
                 	.LISTMAC
                 	.EQU UDRE=0x5
                 	.EQU RXC=0x7
                 	.EQU USR=0xB
                 	.EQU UDR=0xC
                 	.EQU SPSR=0xE
                 	.EQU SPDR=0xF
                 	.EQU EERE=0x0
                 	.EQU EEWE=0x1
                 	.EQU EEMWE=0x2
                 	.EQU EECR=0x1C
                 	.EQU EEDR=0x1D
                 	.EQU EEARL=0x1E
                 	.EQU EEARH=0x1F
                 	.EQU WDTCR=0x21
                 	.EQU MCUCR=0x35
                 	.EQU GICR=0x3B
                 	.EQU SPL=0x3D
                 	.EQU SPH=0x3E
                 	.EQU SREG=0x3F
                 
                 	.DEF R0X0=R0
                 	.DEF R0X1=R1
                 	.DEF R0X2=R2
                 	.DEF R0X3=R3
                 	.DEF R0X4=R4
                 	.DEF R0X5=R5
                 	.DEF R0X6=R6
                 	.DEF R0X7=R7
                 	.DEF R0X8=R8
                 	.DEF R0X9=R9
                 	.DEF R0XA=R10
                 	.DEF R0XB=R11
                 	.DEF R0XC=R12
                 	.DEF R0XD=R13
                 	.DEF R0XE=R14
                 	.DEF R0XF=R15
                 	.DEF R0X10=R16
                 	.DEF R0X11=R17
                 	.DEF R0X12=R18
                 	.DEF R0X13=R19
                 	.DEF R0X14=R20
                 	.DEF R0X15=R21
                 	.DEF R0X16=R22
                 	.DEF R0X17=R23
                 	.DEF R0X18=R24
                 	.DEF R0X19=R25
                 	.DEF R0X1A=R26
                 	.DEF R0X1B=R27
                 	.DEF R0X1C=R28
                 	.DEF R0X1D=R29
                 	.DEF R0X1E=R30
                 	.DEF R0X1F=R31
                 
                 	.EQU __SRAM_START=0x0060
                 	.EQU __SRAM_END=0x045F
                 	.EQU __DSTACK_SIZE=0x0100
                 	.EQU __HEAP_SIZE=0x0000
                 	.EQU __CLEAR_SRAM_SIZE=__SRAM_END-__SRAM_START+1
                 
                 	.MACRO __CPD1N
                 	CPI  R30,LOW(@0)
                 	LDI  R26,HIGH(@0)
                 	CPC  R31,R26
                 	LDI  R26,BYTE3(@0)
                 	CPC  R22,R26
                 	LDI  R26,BYTE4(@0)
                 	CPC  R23,R26
                 	.ENDM
                 
                 	.MACRO __CPD2N
                 	CPI  R26,LOW(@0)
                 	LDI  R30,HIGH(@0)
                 	CPC  R27,R30
                 	LDI  R30,BYTE3(@0)
                 	CPC  R24,R30
                 	LDI  R30,BYTE4(@0)
                 	CPC  R25,R30
                 	.ENDM
                 
                 	.MACRO __CPWRR
                 	CP   R@0,R@2
                 	CPC  R@1,R@3
                 	.ENDM
                 
                 	.MACRO __CPWRN
                 	CPI  R@0,LOW(@2)
                 	LDI  R30,HIGH(@2)
                 	CPC  R@1,R30
                 	.ENDM
                 
                 	.MACRO __ADDB1MN
                 	SUBI R30,LOW(-@0-(@1))
                 	.ENDM
                 
                 	.MACRO __ADDB2MN
                 	SUBI R26,LOW(-@0-(@1))
                 	.ENDM
                 
                 	.MACRO __ADDW1MN
                 	SUBI R30,LOW(-@0-(@1))
                 	SBCI R31,HIGH(-@0-(@1))
                 	.ENDM
                 
                 	.MACRO __ADDW2MN
                 	SUBI R26,LOW(-@0-(@1))
                 	SBCI R27,HIGH(-@0-(@1))
                 	.ENDM
                 
                 	.MACRO __ADDW1FN
                 	SUBI R30,LOW(-2*@0-(@1))
                 	SBCI R31,HIGH(-2*@0-(@1))
                 	.ENDM
                 
                 	.MACRO __ADDD1FN
                 	SUBI R30,LOW(-2*@0-(@1))
                 	SBCI R31,HIGH(-2*@0-(@1))
                 	SBCI R22,BYTE3(-2*@0-(@1))
                 	.ENDM
                 
                 	.MACRO __ADDD1N
                 	SUBI R30,LOW(-@0)
                 	SBCI R31,HIGH(-@0)
                 	SBCI R22,BYTE3(-@0)
                 	SBCI R23,BYTE4(-@0)
                 	.ENDM
                 
                 	.MACRO __ADDD2N
                 	SUBI R26,LOW(-@0)
                 	SBCI R27,HIGH(-@0)
                 	SBCI R24,BYTE3(-@0)
                 	SBCI R25,BYTE4(-@0)
                 	.ENDM
                 
                 	.MACRO __SUBD1N
                 	SUBI R30,LOW(@0)
                 	SBCI R31,HIGH(@0)
                 	SBCI R22,BYTE3(@0)
                 	SBCI R23,BYTE4(@0)
                 	.ENDM
                 
                 	.MACRO __SUBD2N
                 	SUBI R26,LOW(@0)
                 	SBCI R27,HIGH(@0)
                 	SBCI R24,BYTE3(@0)
                 	SBCI R25,BYTE4(@0)
                 	.ENDM
                 
                 	.MACRO __ANDBMNN
                 	LDS  R30,@0+(@1)
                 	ANDI R30,LOW(@2)
                 	STS  @0+(@1),R30
                 	.ENDM
                 
                 	.MACRO __ANDWMNN
                 	LDS  R30,@0+(@1)
                 	ANDI R30,LOW(@2)
                 	STS  @0+(@1),R30
                 	LDS  R30,@0+(@1)+1
                 	ANDI R30,HIGH(@2)
                 	STS  @0+(@1)+1,R30
                 	.ENDM
                 
                 	.MACRO __ANDD1N
                 	ANDI R30,LOW(@0)
                 	ANDI R31,HIGH(@0)
                 	ANDI R22,BYTE3(@0)
                 	ANDI R23,BYTE4(@0)
                 	.ENDM
                 
                 	.MACRO __ANDD2N
                 	ANDI R26,LOW(@0)
                 	ANDI R27,HIGH(@0)
                 	ANDI R24,BYTE3(@0)
                 	ANDI R25,BYTE4(@0)
                 	.ENDM
                 
                 	.MACRO __ORBMNN
                 	LDS  R30,@0+(@1)
                 	ORI  R30,LOW(@2)
                 	STS  @0+(@1),R30
                 	.ENDM
                 
                 	.MACRO __ORWMNN
                 	LDS  R30,@0+(@1)
                 	ORI  R30,LOW(@2)
                 	STS  @0+(@1),R30
                 	LDS  R30,@0+(@1)+1
                 	ORI  R30,HIGH(@2)
                 	STS  @0+(@1)+1,R30
                 	.ENDM
                 
                 	.MACRO __ORD1N
                 	ORI  R30,LOW(@0)
                 	ORI  R31,HIGH(@0)
                 	ORI  R22,BYTE3(@0)
                 	ORI  R23,BYTE4(@0)
                 	.ENDM
                 
                 	.MACRO __ORD2N
                 	ORI  R26,LOW(@0)
                 	ORI  R27,HIGH(@0)
                 	ORI  R24,BYTE3(@0)
                 	ORI  R25,BYTE4(@0)
                 	.ENDM
                 
                 	.MACRO __DELAY_USB
                 	LDI  R24,LOW(@0)
                 __DELAY_USB_LOOP:
                 	DEC  R24
                 	BRNE __DELAY_USB_LOOP
                 	.ENDM
                 
                 	.MACRO __DELAY_USW
                 	LDI  R24,LOW(@0)
                 	LDI  R25,HIGH(@0)
                 __DELAY_USW_LOOP:
                 	SBIW R24,1
                 	BRNE __DELAY_USW_LOOP
                 	.ENDM
                 
                 	.MACRO __GETD1S
                 	LDD  R30,Y+@0
                 	LDD  R31,Y+@0+1
                 	LDD  R22,Y+@0+2
                 	LDD  R23,Y+@0+3
                 	.ENDM
                 
                 	.MACRO __GETD2S
                 	LDD  R26,Y+@0
                 	LDD  R27,Y+@0+1
                 	LDD  R24,Y+@0+2
                 	LDD  R25,Y+@0+3
                 	.ENDM
                 
                 	.MACRO __PUTD1S
                 	STD  Y+@0,R30
                 	STD  Y+@0+1,R31
                 	STD  Y+@0+2,R22
                 	STD  Y+@0+3,R23
                 	.ENDM
                 
                 	.MACRO __PUTD2S
                 	STD  Y+@0,R26
                 	STD  Y+@0+1,R27
                 	STD  Y+@0+2,R24
                 	STD  Y+@0+3,R25
                 	.ENDM
                 
                 	.MACRO __PUTDZ2
                 	STD  Z+@0,R26
                 	STD  Z+@0+1,R27
                 	STD  Z+@0+2,R24
                 	STD  Z+@0+3,R25
                 	.ENDM
                 
                 	.MACRO __CLRD1S
                 	STD  Y+@0,R30
                 	STD  Y+@0+1,R30
                 	STD  Y+@0+2,R30
                 	STD  Y+@0+3,R30
                 	.ENDM
                 
                 	.MACRO __POINTB1MN
                 	LDI  R30,LOW(@0+(@1))
                 	.ENDM
                 
                 	.MACRO __POINTW1MN
                 	LDI  R30,LOW(@0+(@1))
                 	LDI  R31,HIGH(@0+(@1))
                 	.ENDM
                 
                 	.MACRO __POINTD1M
                 	LDI  R30,LOW(@0)
                 	LDI  R31,HIGH(@0)
                 	LDI  R22,BYTE3(@0)
                 	LDI  R23,BYTE4(@0)
                 	.ENDM
                 
                 	.MACRO __POINTW1FN
                 	LDI  R30,LOW(2*@0+(@1))
                 	LDI  R31,HIGH(2*@0+(@1))
                 	.ENDM
                 
                 	.MACRO __POINTD1FN
                 	LDI  R30,LOW(2*@0+(@1))
                 	LDI  R31,HIGH(2*@0+(@1))
                 	LDI  R22,BYTE3(2*@0+(@1))
                 	LDI  R23,BYTE4(2*@0+(@1))
                 	.ENDM
                 
                 	.MACRO __POINTB2MN
                 	LDI  R26,LOW(@0+(@1))
                 	.ENDM
                 
                 	.MACRO __POINTW2MN
                 	LDI  R26,LOW(@0+(@1))
                 	LDI  R27,HIGH(@0+(@1))
                 	.ENDM
                 
                 	.MACRO __POINTW2FN
                 	LDI  R26,LOW(2*@0+(@1))
                 	LDI  R27,HIGH(2*@0+(@1))
                 	.ENDM
                 
                 	.MACRO __POINTD2FN
                 	LDI  R26,LOW(2*@0+(@1))
                 	LDI  R27,HIGH(2*@0+(@1))
                 	LDI  R24,BYTE3(2*@0+(@1))
                 	LDI  R25,BYTE4(2*@0+(@1))
                 	.ENDM
                 
                 	.MACRO __POINTBRM
                 	LDI  R@0,LOW(@1)
                 	.ENDM
                 
                 	.MACRO __POINTWRM
                 	LDI  R@0,LOW(@2)
                 	LDI  R@1,HIGH(@2)
                 	.ENDM
                 
                 	.MACRO __POINTBRMN
                 	LDI  R@0,LOW(@1+(@2))
                 	.ENDM
                 
                 	.MACRO __POINTWRMN
                 	LDI  R@0,LOW(@2+(@3))
                 	LDI  R@1,HIGH(@2+(@3))
                 	.ENDM
                 
                 	.MACRO __POINTWRFN
                 	LDI  R@0,LOW(@2*2+(@3))
                 	LDI  R@1,HIGH(@2*2+(@3))
                 	.ENDM
                 
                 	.MACRO __GETD1N
                 	LDI  R30,LOW(@0)
                 	LDI  R31,HIGH(@0)
                 	LDI  R22,BYTE3(@0)
                 	LDI  R23,BYTE4(@0)
                 	.ENDM
                 
                 	.MACRO __GETD2N
                 	LDI  R26,LOW(@0)
                 	LDI  R27,HIGH(@0)
                 	LDI  R24,BYTE3(@0)
                 	LDI  R25,BYTE4(@0)
                 	.ENDM
                 
                 	.MACRO __GETB1MN
                 	LDS  R30,@0+(@1)
                 	.ENDM
                 
                 	.MACRO __GETB1HMN
                 	LDS  R31,@0+(@1)
                 	.ENDM
                 
                 	.MACRO __GETW1MN
                 	LDS  R30,@0+(@1)
                 	LDS  R31,@0+(@1)+1
                 	.ENDM
                 
                 	.MACRO __GETD1MN
                 	LDS  R30,@0+(@1)
                 	LDS  R31,@0+(@1)+1
                 	LDS  R22,@0+(@1)+2
                 	LDS  R23,@0+(@1)+3
                 	.ENDM
                 
                 	.MACRO __GETBRMN
                 	LDS  R@0,@1+(@2)
                 	.ENDM
                 
                 	.MACRO __GETWRMN
                 	LDS  R@0,@2+(@3)
                 	LDS  R@1,@2+(@3)+1
                 	.ENDM
                 
                 	.MACRO __GETWRZ
                 	LDD  R@0,Z+@2
                 	LDD  R@1,Z+@2+1
                 	.ENDM
                 
                 	.MACRO __GETD2Z
                 	LDD  R26,Z+@0
                 	LDD  R27,Z+@0+1
                 	LDD  R24,Z+@0+2
                 	LDD  R25,Z+@0+3
                 	.ENDM
                 
                 	.MACRO __GETB2MN
                 	LDS  R26,@0+(@1)
                 	.ENDM
                 
                 	.MACRO __GETW2MN
                 	LDS  R26,@0+(@1)
                 	LDS  R27,@0+(@1)+1
                 	.ENDM
                 
                 	.MACRO __GETD2MN
                 	LDS  R26,@0+(@1)
                 	LDS  R27,@0+(@1)+1
                 	LDS  R24,@0+(@1)+2
                 	LDS  R25,@0+(@1)+3
                 	.ENDM
                 
                 	.MACRO __PUTB1MN
                 	STS  @0+(@1),R30
                 	.ENDM
                 
                 	.MACRO __PUTW1MN
                 	STS  @0+(@1),R30
                 	STS  @0+(@1)+1,R31
                 	.ENDM
                 
                 	.MACRO __PUTD1MN
                 	STS  @0+(@1),R30
                 	STS  @0+(@1)+1,R31
                 	STS  @0+(@1)+2,R22
                 	STS  @0+(@1)+3,R23
                 	.ENDM
                 
                 	.MACRO __PUTB1EN
                 	LDI  R26,LOW(@0+(@1))
                 	LDI  R27,HIGH(@0+(@1))
                 	RCALL __EEPROMWRB
                 	.ENDM
                 
                 	.MACRO __PUTW1EN
                 	LDI  R26,LOW(@0+(@1))
                 	LDI  R27,HIGH(@0+(@1))
                 	RCALL __EEPROMWRW
                 	.ENDM
                 
                 	.MACRO __PUTD1EN
                 	LDI  R26,LOW(@0+(@1))
                 	LDI  R27,HIGH(@0+(@1))
                 	RCALL __EEPROMWRD
                 	.ENDM
                 
                 	.MACRO __PUTBR0MN
                 	STS  @0+(@1),R0
                 	.ENDM
                 
                 	.MACRO __PUTBMRN
                 	STS  @0+(@1),R@2
                 	.ENDM
                 
                 	.MACRO __PUTWMRN
                 	STS  @0+(@1),R@2
                 	STS  @0+(@1)+1,R@3
                 	.ENDM
                 
                 	.MACRO __PUTBZR
                 	STD  Z+@1,R@0
                 	.ENDM
                 
                 	.MACRO __PUTWZR
                 	STD  Z+@2,R@0
                 	STD  Z+@2+1,R@1
                 	.ENDM
                 
                 	.MACRO __GETW1R
                 	MOV  R30,R@0
                 	MOV  R31,R@1
                 	.ENDM
                 
                 	.MACRO __GETW2R
                 	MOV  R26,R@0
                 	MOV  R27,R@1
                 	.ENDM
                 
                 	.MACRO __GETWRN
                 	LDI  R@0,LOW(@2)
                 	LDI  R@1,HIGH(@2)
                 	.ENDM
                 
                 	.MACRO __PUTW1R
                 	MOV  R@0,R30
                 	MOV  R@1,R31
                 	.ENDM
                 
                 	.MACRO __PUTW2R
                 	MOV  R@0,R26
                 	MOV  R@1,R27
                 	.ENDM
                 
                 	.MACRO __ADDWRN
                 	SUBI R@0,LOW(-@2)
                 	SBCI R@1,HIGH(-@2)
                 	.ENDM
                 
                 	.MACRO __ADDWRR
                 	ADD  R@0,R@2
                 	ADC  R@1,R@3
                 	.ENDM
                 
                 	.MACRO __SUBWRN
                 	SUBI R@0,LOW(@2)
                 	SBCI R@1,HIGH(@2)
                 	.ENDM
                 
                 	.MACRO __SUBWRR
                 	SUB  R@0,R@2
                 	SBC  R@1,R@3
                 	.ENDM
                 
                 	.MACRO __ANDWRN
                 	ANDI R@0,LOW(@2)
                 	ANDI R@1,HIGH(@2)
                 	.ENDM
                 
                 	.MACRO __ANDWRR
                 	AND  R@0,R@2
                 	AND  R@1,R@3
                 	.ENDM
                 
                 	.MACRO __ORWRN
                 	ORI  R@0,LOW(@2)
                 	ORI  R@1,HIGH(@2)
                 	.ENDM
                 
                 	.MACRO __ORWRR
                 	OR   R@0,R@2
                 	OR   R@1,R@3
                 	.ENDM
                 
                 	.MACRO __EORWRR
                 	EOR  R@0,R@2
                 	EOR  R@1,R@3
                 	.ENDM
                 
                 	.MACRO __GETWRS
                 	LDD  R@0,Y+@2
                 	LDD  R@1,Y+@2+1
                 	.ENDM
                 
                 	.MACRO __PUTBSR
                 	STD  Y+@1,R@0
                 	.ENDM
                 
                 	.MACRO __PUTWSR
                 	STD  Y+@2,R@0
                 	STD  Y+@2+1,R@1
                 	.ENDM
                 
                 	.MACRO __MOVEWRR
                 	MOV  R@0,R@2
                 	MOV  R@1,R@3
                 	.ENDM
                 
                 	.MACRO __INWR
                 	IN   R@0,@2
                 	IN   R@1,@2+1
                 	.ENDM
                 
                 	.MACRO __OUTWR
                 	OUT  @2+1,R@1
                 	OUT  @2,R@0
                 	.ENDM
                 
                 	.MACRO __CALL1MN
                 	LDS  R30,@0+(@1)
                 	LDS  R31,@0+(@1)+1
                 	ICALL
                 	.ENDM
                 
                 	.MACRO __CALL1FN
                 	LDI  R30,LOW(2*@0+(@1))
                 	LDI  R31,HIGH(2*@0+(@1))
                 	RCALL __GETW1PF
                 	ICALL
                 	.ENDM
                 
                 	.MACRO __CALL2EN
                 	PUSH R26
                 	PUSH R27
                 	LDI  R26,LOW(@0+(@1))
                 	LDI  R27,HIGH(@0+(@1))
                 	RCALL __EEPROMRDW
                 	POP  R27
                 	POP  R26
                 	ICALL
                 	.ENDM
                 
                 	.MACRO __CALL2EX
                 	SUBI R26,LOW(-@0)
                 	SBCI R27,HIGH(-@0)
                 	RCALL __EEPROMRDD
                 	ICALL
                 	.ENDM
                 
                 	.MACRO __GETW1STACK
                 	IN   R30,SPL
                 	IN   R31,SPH
                 	ADIW R30,@0+1
                 	LD   R0,Z+
                 	LD   R31,Z
                 	MOV  R30,R0
                 	.ENDM
                 
                 	.MACRO __GETD1STACK
                 	IN   R30,SPL
                 	IN   R31,SPH
                 	ADIW R30,@0+1
                 	LD   R0,Z+
                 	LD   R1,Z+
                 	LD   R22,Z
                 	MOVW R30,R0
                 	.ENDM
                 
                 	.MACRO __NBST
                 	BST  R@0,@1
                 	IN   R30,SREG
                 	LDI  R31,0x40
                 	EOR  R30,R31
                 	OUT  SREG,R30
                 	.ENDM
                 
                 
                 	.MACRO __PUTB1SN
                 	LDD  R26,Y+@0
                 	LDD  R27,Y+@0+1
                 	SUBI R26,LOW(-@1)
                 	SBCI R27,HIGH(-@1)
                 	ST   X,R30
                 	.ENDM
                 
                 	.MACRO __PUTW1SN
                 	LDD  R26,Y+@0
                 	LDD  R27,Y+@0+1
                 	SUBI R26,LOW(-@1)
                 	SBCI R27,HIGH(-@1)
                 	ST   X+,R30
                 	ST   X,R31
                 	.ENDM
                 
                 	.MACRO __PUTD1SN
                 	LDD  R26,Y+@0
                 	LDD  R27,Y+@0+1
                 	SUBI R26,LOW(-@1)
                 	SBCI R27,HIGH(-@1)
                 	RCALL __PUTDP1
                 	.ENDM
                 
                 	.MACRO __PUTB1SNS
                 	LDD  R26,Y+@0
                 	LDD  R27,Y+@0+1
                 	ADIW R26,@1
                 	ST   X,R30
                 	.ENDM
                 
                 	.MACRO __PUTW1SNS
                 	LDD  R26,Y+@0
                 	LDD  R27,Y+@0+1
                 	ADIW R26,@1
                 	ST   X+,R30
                 	ST   X,R31
                 	.ENDM
                 
                 	.MACRO __PUTD1SNS
                 	LDD  R26,Y+@0
                 	LDD  R27,Y+@0+1
                 	ADIW R26,@1
                 	RCALL __PUTDP1
                 	.ENDM
                 
                 	.MACRO __PUTB1PMN
                 	LDS  R26,@0
                 	LDS  R27,@0+1
                 	SUBI R26,LOW(-@1)
                 	SBCI R27,HIGH(-@1)
                 	ST   X,R30
                 	.ENDM
                 
                 	.MACRO __PUTW1PMN
                 	LDS  R26,@0
                 	LDS  R27,@0+1
                 	SUBI R26,LOW(-@1)
                 	SBCI R27,HIGH(-@1)
                 	ST   X+,R30
                 	ST   X,R31
                 	.ENDM
                 
                 	.MACRO __PUTD1PMN
                 	LDS  R26,@0
                 	LDS  R27,@0+1
                 	SUBI R26,LOW(-@1)
                 	SBCI R27,HIGH(-@1)
                 	RCALL __PUTDP1
                 	.ENDM
                 
                 	.MACRO __PUTB1PMNS
                 	LDS  R26,@0
                 	LDS  R27,@0+1
                 	ADIW R26,@1
                 	ST   X,R30
                 	.ENDM
                 
                 	.MACRO __PUTW1PMNS
                 	LDS  R26,@0
                 	LDS  R27,@0+1
                 	ADIW R26,@1
                 	ST   X+,R30
                 	ST   X,R31
                 	.ENDM
                 
                 	.MACRO __PUTD1PMNS
                 	LDS  R26,@0
                 	LDS  R27,@0+1
                 	ADIW R26,@1
                 	RCALL __PUTDP1
                 	.ENDM
                 
                 	.MACRO __PUTB1RN
                 	MOVW R26,R@0
                 	SUBI R26,LOW(-@1)
                 	SBCI R27,HIGH(-@1)
                 	ST   X,R30
                 	.ENDM
                 
                 	.MACRO __PUTW1RN
                 	MOVW R26,R@0
                 	SUBI R26,LOW(-@1)
                 	SBCI R27,HIGH(-@1)
                 	ST   X+,R30
                 	ST   X,R31
                 	.ENDM
                 
                 	.MACRO __PUTD1RN
                 	MOVW R26,R@0
                 	SUBI R26,LOW(-@1)
                 	SBCI R27,HIGH(-@1)
                 	RCALL __PUTDP1
                 	.ENDM
                 
                 	.MACRO __PUTB1RNS
                 	MOVW R26,R@0
                 	ADIW R26,@1
                 	ST   X,R30
                 	.ENDM
                 
                 	.MACRO __PUTW1RNS
                 	MOVW R26,R@0
                 	ADIW R26,@1
                 	ST   X+,R30
                 	ST   X,R31
                 	.ENDM
                 
                 	.MACRO __PUTD1RNS
                 	MOVW R26,R@0
                 	ADIW R26,@1
                 	RCALL __PUTDP1
                 	.ENDM
                 
                 	.MACRO __PUTB1RON
                 	MOV  R26,R@0
                 	MOV  R27,R@1
                 	SUBI R26,LOW(-@2)
                 	SBCI R27,HIGH(-@2)
                 	ST   X,R30
                 	.ENDM
                 
                 	.MACRO __PUTW1RON
                 	MOV  R26,R@0
                 	MOV  R27,R@1
                 	SUBI R26,LOW(-@2)
                 	SBCI R27,HIGH(-@2)
                 	ST   X+,R30
                 	ST   X,R31
                 	.ENDM
                 
                 	.MACRO __PUTD1RON
                 	MOV  R26,R@0
                 	MOV  R27,R@1
                 	SUBI R26,LOW(-@2)
                 	SBCI R27,HIGH(-@2)
                 	RCALL __PUTDP1
                 	.ENDM
                 
                 	.MACRO __PUTB1RONS
                 	MOV  R26,R@0
                 	MOV  R27,R@1
                 	ADIW R26,@2
                 	ST   X,R30
                 	.ENDM
                 
                 	.MACRO __PUTW1RONS
                 	MOV  R26,R@0
                 	MOV  R27,R@1
                 	ADIW R26,@2
                 	ST   X+,R30
                 	ST   X,R31
                 	.ENDM
                 
                 	.MACRO __PUTD1RONS
                 	MOV  R26,R@0
                 	MOV  R27,R@1
                 	ADIW R26,@2
                 	RCALL __PUTDP1
                 	.ENDM
                 
                 
                 	.MACRO __GETB1SX
                 	MOVW R30,R28
                 	SUBI R30,LOW(-@0)
                 	SBCI R31,HIGH(-@0)
                 	LD   R30,Z
                 	.ENDM
                 
                 	.MACRO __GETB1HSX
                 	MOVW R30,R28
                 	SUBI R30,LOW(-@0)
                 	SBCI R31,HIGH(-@0)
                 	LD   R31,Z
                 	.ENDM
                 
                 	.MACRO __GETW1SX
                 	MOVW R30,R28
                 	SUBI R30,LOW(-@0)
                 	SBCI R31,HIGH(-@0)
                 	LD   R0,Z+
                 	LD   R31,Z
                 	MOV  R30,R0
                 	.ENDM
                 
                 	.MACRO __GETD1SX
                 	MOVW R30,R28
                 	SUBI R30,LOW(-@0)
                 	SBCI R31,HIGH(-@0)
                 	LD   R0,Z+
                 	LD   R1,Z+
                 	LD   R22,Z+
                 	LD   R23,Z
                 	MOVW R30,R0
                 	.ENDM
                 
                 	.MACRO __GETB2SX
                 	MOVW R26,R28
                 	SUBI R26,LOW(-@0)
                 	SBCI R27,HIGH(-@0)
                 	LD   R26,X
                 	.ENDM
                 
                 	.MACRO __GETW2SX
                 	MOVW R26,R28
                 	SUBI R26,LOW(-@0)
                 	SBCI R27,HIGH(-@0)
                 	LD   R0,X+
                 	LD   R27,X
                 	MOV  R26,R0
                 	.ENDM
                 
                 	.MACRO __GETD2SX
                 	MOVW R26,R28
                 	SUBI R26,LOW(-@0)
                 	SBCI R27,HIGH(-@0)
                 	LD   R0,X+
                 	LD   R1,X+
                 	LD   R24,X+
                 	LD   R25,X
                 	MOVW R26,R0
                 	.ENDM
                 
                 	.MACRO __GETBRSX
                 	MOVW R30,R28
                 	SUBI R30,LOW(-@1)
                 	SBCI R31,HIGH(-@1)
                 	LD   R@0,Z
                 	.ENDM
                 
                 	.MACRO __GETWRSX
                 	MOVW R30,R28
                 	SUBI R30,LOW(-@2)
                 	SBCI R31,HIGH(-@2)
                 	LD   R@0,Z+
                 	LD   R@1,Z
                 	.ENDM
                 
                 	.MACRO __GETBRSX2
                 	MOVW R26,R28
                 	SUBI R26,LOW(-@1)
                 	SBCI R27,HIGH(-@1)
                 	LD   R@0,X
                 	.ENDM
                 
                 	.MACRO __GETWRSX2
                 	MOVW R26,R28
                 	SUBI R26,LOW(-@2)
                 	SBCI R27,HIGH(-@2)
                 	LD   R@0,X+
                 	LD   R@1,X
                 	.ENDM
                 
                 	.MACRO __LSLW8SX
                 	MOVW R30,R28
                 	SUBI R30,LOW(-@0)
                 	SBCI R31,HIGH(-@0)
                 	LD   R31,Z
                 	CLR  R30
                 	.ENDM
                 
                 	.MACRO __PUTB1SX
                 	MOVW R26,R28
                 	SUBI R26,LOW(-@0)
                 	SBCI R27,HIGH(-@0)
                 	ST   X,R30
                 	.ENDM
                 
                 	.MACRO __PUTW1SX
                 	MOVW R26,R28
                 	SUBI R26,LOW(-@0)
                 	SBCI R27,HIGH(-@0)
                 	ST   X+,R30
                 	ST   X,R31
                 	.ENDM
                 
                 	.MACRO __PUTD1SX
                 	MOVW R26,R28
                 	SUBI R26,LOW(-@0)
                 	SBCI R27,HIGH(-@0)
                 	ST   X+,R30
                 	ST   X+,R31
                 	ST   X+,R22
                 	ST   X,R23
                 	.ENDM
                 
                 	.MACRO __CLRW1SX
                 	MOVW R26,R28
                 	SUBI R26,LOW(-@0)
                 	SBCI R27,HIGH(-@0)
                 	ST   X+,R30
                 	ST   X,R30
                 	.ENDM
                 
                 	.MACRO __CLRD1SX
                 	MOVW R26,R28
                 	SUBI R26,LOW(-@0)
                 	SBCI R27,HIGH(-@0)
                 	ST   X+,R30
                 	ST   X+,R30
                 	ST   X+,R30
                 	ST   X,R30
                 	.ENDM
                 
                 	.MACRO __PUTB2SX
                 	MOVW R30,R28
                 	SUBI R30,LOW(-@0)
                 	SBCI R31,HIGH(-@0)
                 	ST   Z,R26
                 	.ENDM
                 
                 	.MACRO __PUTW2SX
                 	MOVW R30,R28
                 	SUBI R30,LOW(-@0)
                 	SBCI R31,HIGH(-@0)
                 	ST   Z+,R26
                 	ST   Z,R27
                 	.ENDM
                 
                 	.MACRO __PUTD2SX
                 	MOVW R30,R28
                 	SUBI R30,LOW(-@0)
                 	SBCI R31,HIGH(-@0)
                 	ST   Z+,R26
                 	ST   Z+,R27
                 	ST   Z+,R24
                 	ST   Z,R25
                 	.ENDM
                 
                 	.MACRO __PUTBSRX
                 	MOVW R30,R28
                 	SUBI R30,LOW(-@1)
                 	SBCI R31,HIGH(-@1)
                 	ST   Z,R@0
                 	.ENDM
                 
                 	.MACRO __PUTWSRX
                 	MOVW R30,R28
                 	SUBI R30,LOW(-@2)
                 	SBCI R31,HIGH(-@2)
                 	ST   Z+,R@0
                 	ST   Z,R@1
                 	.ENDM
                 
                 	.MACRO __PUTB1SNX
                 	MOVW R26,R28
                 	SUBI R26,LOW(-@0)
                 	SBCI R27,HIGH(-@0)
                 	LD   R0,X+
                 	LD   R27,X
                 	MOV  R26,R0
                 	SUBI R26,LOW(-@1)
                 	SBCI R27,HIGH(-@1)
                 	ST   X,R30
                 	.ENDM
                 
                 	.MACRO __PUTW1SNX
                 	MOVW R26,R28
                 	SUBI R26,LOW(-@0)
                 	SBCI R27,HIGH(-@0)
                 	LD   R0,X+
                 	LD   R27,X
                 	MOV  R26,R0
                 	SUBI R26,LOW(-@1)
                 	SBCI R27,HIGH(-@1)
                 	ST   X+,R30
                 	ST   X,R31
                 	.ENDM
                 
                 	.MACRO __PUTD1SNX
                 	MOVW R26,R28
                 	SUBI R26,LOW(-@0)
                 	SBCI R27,HIGH(-@0)
                 	LD   R0,X+
                 	LD   R27,X
                 	MOV  R26,R0
                 	SUBI R26,LOW(-@1)
                 	SBCI R27,HIGH(-@1)
                 	ST   X+,R30
                 	ST   X+,R31
                 	ST   X+,R22
                 	ST   X,R23
                 	.ENDM
                 
                 	.MACRO __MULBRR
                 	MULS R@0,R@1
                 	MOVW R30,R0
                 	.ENDM
                 
                 	.MACRO __MULBRRU
                 	MUL  R@0,R@1
                 	MOVW R30,R0
                 	.ENDM
                 
                 	.MACRO __MULBRR0
                 	MULS R@0,R@1
                 	.ENDM
                 
                 	.MACRO __MULBRRU0
                 	MUL  R@0,R@1
                 	.ENDM
                 
                 	.MACRO __MULBNWRU
                 	LDI  R26,@2
                 	MUL  R26,R@0
                 	MOVW R30,R0
                 	MUL  R26,R@1
                 	ADD  R31,R0
                 	.ENDM
                 
                 	.CSEG
                 	.ORG 0x00
                 
                 ;START OF CODE MARKER
                 __START_OF_CODE:
                 
                 ;INTERRUPT VECTORS
000000 c022      	RJMP __RESET
000001 c04d      	RJMP _ext_int0_isr
000002 cffd      	RJMP 0x00
000003 cffc      	RJMP 0x00
000004 cffb      	RJMP 0x00
000005 cffa      	RJMP 0x00
000006 cff9      	RJMP 0x00
000007 cff8      	RJMP 0x00
000008 cff7      	RJMP 0x00
000009 cff6      	RJMP 0x00
00000a cff5      	RJMP 0x00
00000b cff4      	RJMP 0x00
00000c cff3      	RJMP 0x00
00000d cff2      	RJMP 0x00
00000e cff1      	RJMP 0x00
00000f cff0      	RJMP 0x00
000010 cfef      	RJMP 0x00
000011 cfee      	RJMP 0x00
000012 cfed      	RJMP 0x00
                 
                 _tbl10_G100:
000013 2710
000014 03e8
000015 0064
000016 000a      	.DB  0x10,0x27,0xE8,0x3,0x64,0x0,0xA,0x0
000017 0001      	.DB  0x1,0x0
                 _tbl16_G100:
000018 1000
000019 0100
00001a 0010
00001b 0001      	.DB  0x0,0x10,0x0,0x1,0x10,0x0,0x1,0x0
                 
                 _0x0:
00001c 6548
00001d 6c6c
00001e 006f      	.DB  0x48,0x65,0x6C,0x6C,0x6F,0x0
                 
                 __GLOBAL_INI_TBL:
00001f 0006      	.DW  0x06
000020 0160      	.DW  _0x3
000021 0038      	.DW  _0x0*2
                 
                 _0xFFFFFFFF:
000022 0000      	.DW  0
                 
                 #define __GLOBAL_INI_TBL_PRESENT 1
                 
                 __RESET:
000023 94f8      	CLI
000024 27ee      	CLR  R30
000025 bbec      	OUT  EECR,R30
                 
                 ;INTERRUPT VECTORS ARE PLACED
                 ;AT THE START OF FLASH
000026 e0f1      	LDI  R31,1
000027 bffb      	OUT  GICR,R31
000028 bfeb      	OUT  GICR,R30
000029 bfe5      	OUT  MCUCR,R30
                 
                 ;CLEAR R2-R14
00002a e08d      	LDI  R24,(14-2)+1
00002b e0a2      	LDI  R26,2
00002c 27bb      	CLR  R27
                 __CLEAR_REG:
00002d 93ed      	ST   X+,R30
00002e 958a      	DEC  R24
00002f f7e9      	BRNE __CLEAR_REG
                 
                 ;CLEAR SRAM
000030 e080      	LDI  R24,LOW(__CLEAR_SRAM_SIZE)
000031 e094      	LDI  R25,HIGH(__CLEAR_SRAM_SIZE)
000032 e6a0      	LDI  R26,__SRAM_START
                 __CLEAR_SRAM:
000033 93ed      	ST   X+,R30
000034 9701      	SBIW R24,1
000035 f7e9      	BRNE __CLEAR_SRAM
                 
                 ;GLOBAL VARIABLES INITIALIZATION
000036 e3ee      	LDI  R30,LOW(__GLOBAL_INI_TBL*2)
000037 e0f0      	LDI  R31,HIGH(__GLOBAL_INI_TBL*2)
                 __GLOBAL_INI_NEXT:
000038 9185      	LPM  R24,Z+
000039 9195      	LPM  R25,Z+
00003a 9700      	SBIW R24,0
00003b f061      	BREQ __GLOBAL_INI_END
00003c 91a5      	LPM  R26,Z+
00003d 91b5      	LPM  R27,Z+
00003e 9005      	LPM  R0,Z+
00003f 9015      	LPM  R1,Z+
000040 01bf      	MOVW R22,R30
000041 01f0      	MOVW R30,R0
                 __GLOBAL_INI_LOOP:
000042 9005      	LPM  R0,Z+
000043 920d      	ST   X+,R0
000044 9701      	SBIW R24,1
000045 f7e1      	BRNE __GLOBAL_INI_LOOP
000046 01fb      	MOVW R30,R22
000047 cff0      	RJMP __GLOBAL_INI_NEXT
                 __GLOBAL_INI_END:
                 
                 ;HARDWARE STACK POINTER INITIALIZATION
000048 e5ef      	LDI  R30,LOW(__SRAM_END-__HEAP_SIZE)
000049 bfed      	OUT  SPL,R30
00004a e0e4      	LDI  R30,HIGH(__SRAM_END-__HEAP_SIZE)
00004b bfee      	OUT  SPH,R30
                 
                 ;DATA STACK POINTER INITIALIZATION
00004c e6c0      	LDI  R28,LOW(__SRAM_START+__DSTACK_SIZE)
00004d e0d1      	LDI  R29,HIGH(__SRAM_START+__DSTACK_SIZE)
                 
00004e c001      	RJMP _main
                 
                 	.ESEG
                 	.ORG 0
                 
                 	.DSEG
                 	.ORG 0x160
                 
                 	.CSEG
                 ;/*******************************************************
                 ;This program was created by the
                 ;CodeWizardAVR V3.12 Advanced
                 ;Automatic Program Generator
                 ;© Copyright 1998-2014 Pavel Haiduc, HP InfoTech s.r.l.
                 ;http://www.hpinfotech.com
                 ;
                 ;Project :
                 ;Version :
                 ;Date    : 10/4/2020
                 ;Author  :
                 ;Company :
                 ;Comments:
                 ;
                 ;
                 ;Chip type               : ATmega8A
                 ;Program type            : Application
                 ;AVR Core Clock frequency: 8.000000 MHz
                 ;Memory model            : Small
                 ;External RAM size       : 0
                 ;Data Stack size         : 256
                 ;*******************************************************/
                 ;
                 ;#include <mega8.h>
                 	#ifndef __SLEEP_DEFINED__
                 	#define __SLEEP_DEFINED__
                 	.EQU __se_bit=0x80
                 	.EQU __sm_mask=0x70
                 	.EQU __sm_powerdown=0x20
                 	.EQU __sm_powersave=0x30
                 	.EQU __sm_standby=0x60
                 	.EQU __sm_ext_standby=0x70
                 	.EQU __sm_adc_noise_red=0x10
                 	.SET power_ctrl_reg=mcucr
                 	#endif
                 ;#include <delay.h>
                 ;
                 ;// Declare your global variables here
                 ;
                 ;// External Interrupt 0 service routine
                 ;interrupt [EXT_INT0] void ext_int0_isr(void)
                 ; 0000 001F {
                 
                 	.CSEG
                 _ext_int0_isr:
                 ; .FSTART _ext_int0_isr
                 ; 0000 0020 // Place your code here
                 ; 0000 0021 
                 ; 0000 0022 }
00004f 9518      	RETI
                 ; .FEND
                 ;
                 ;// Standard Input/Output functions
                 ;#include <stdio.h>
                 ;
                 ;void main(void)
                 ; 0000 0028 {
                 _main:
                 ; .FSTART _main
                 ; 0000 0029 // Declare your local variables here
                 ; 0000 002A 
                 ; 0000 002B  char count=0,state=1,i=0,address,command;
                 ; 0000 002C  unsigned int data[40];
                 ; 0000 002D 
                 ; 0000 002E 
                 ; 0000 002F TCCR1A=(0<<COM1A1) | (0<<COM1A0) | (0<<COM1B1) | (0<<COM1B0) | (0<<WGM11) | (0<<WGM10);
000050 97ef      	SBIW R28,63
000051 9761      	SBIW R28,17
                 ;	count -> R17
                 ;	state -> R16
                 ;	i -> R19
                 ;	address -> R18
                 ;	command -> R21
                 ;	data -> Y+0
000052 e010      	LDI  R17,0
000053 e001      	LDI  R16,1
000054 e030      	LDI  R19,0
000055 e0e0      	LDI  R30,LOW(0)
000056 bdef      	OUT  0x2F,R30
                 ; 0000 0030 TCCR1B=(0<<ICNC1) | (0<<ICES1) | (0<<WGM13) | (0<<WGM12) | (0<<CS12) | (1<<CS11) | (0<<CS10);
000057 e0e2      	LDI  R30,LOW(2)
000058 bdee      	OUT  0x2E,R30
                 ; 0000 0031 TCNT1H=0x00;
000059 e0e0      	LDI  R30,LOW(0)
00005a bded      	OUT  0x2D,R30
                 ; 0000 0032 TCNT1L=0x00;
00005b bdec      	OUT  0x2C,R30
                 ; 0000 0033 ICR1H=0x00;
00005c bde7      	OUT  0x27,R30
                 ; 0000 0034 ICR1L=0x00;
00005d bde6      	OUT  0x26,R30
                 ; 0000 0035 OCR1AH=0x00;
00005e bdeb      	OUT  0x2B,R30
                 ; 0000 0036 OCR1AL=0x00;
00005f bdea      	OUT  0x2A,R30
                 ; 0000 0037 OCR1BH=0x00;
000060 bde9      	OUT  0x29,R30
                 ; 0000 0038 OCR1BL=0x00;
000061 bde8      	OUT  0x28,R30
                 ; 0000 0039 
                 ; 0000 003A 
                 ; 0000 003B 
                 ; 0000 003C // Timer(s)/Counter(s) Interrupt(s) initialization
                 ; 0000 003D TIMSK=(0<<OCIE2) | (0<<TOIE2) | (0<<TICIE1) | (0<<OCIE1A) | (0<<OCIE1B) | (0<<TOIE1) | (0<<TOIE0);
000062 bfe9      	OUT  0x39,R30
                 ; 0000 003E 
                 ; 0000 003F // External Interrupt(s) initialization
                 ; 0000 0040 // INT0: On
                 ; 0000 0041 // INT0 Mode: Falling Edge
                 ; 0000 0042 // INT1: Off
                 ; 0000 0043 GICR|=(0<<INT1) | (1<<INT0);
000063 b7eb      	IN   R30,0x3B
000064 64e0      	ORI  R30,0x40
000065 bfeb      	OUT  0x3B,R30
                 ; 0000 0044 MCUCR=(0<<ISC11) | (0<<ISC10) | (1<<ISC01) | (0<<ISC00);
000066 e0e2      	LDI  R30,LOW(2)
000067 bfe5      	OUT  0x35,R30
                 ; 0000 0045 GIFR=(0<<INTF1) | (1<<INTF0);
000068 e4e0      	LDI  R30,LOW(64)
000069 bfea      	OUT  0x3A,R30
                 ; 0000 0046 
                 ; 0000 0047 // USART initialization
                 ; 0000 0048 // Communication Parameters: 8 Data, 1 Stop, No Parity
                 ; 0000 0049 // USART Receiver: Off
                 ; 0000 004A // USART Transmitter: On
                 ; 0000 004B // USART Mode: Asynchronous
                 ; 0000 004C // USART Baud Rate: 9600
                 ; 0000 004D UCSRA=(0<<RXC) | (0<<TXC) | (0<<UDRE) | (0<<FE) | (0<<DOR) | (0<<UPE) | (0<<U2X) | (0<<MPCM);
00006a e0e0      	LDI  R30,LOW(0)
00006b b9eb      	OUT  0xB,R30
                 ; 0000 004E UCSRB=(0<<RXCIE) | (0<<TXCIE) | (0<<UDRIE) | (0<<RXEN) | (1<<TXEN) | (0<<UCSZ2) | (0<<RXB8) | (0<<TXB8);
00006c e0e8      	LDI  R30,LOW(8)
00006d b9ea      	OUT  0xA,R30
                 ; 0000 004F UCSRC=(1<<URSEL) | (0<<UMSEL) | (0<<UPM1) | (0<<UPM0) | (0<<USBS) | (1<<UCSZ1) | (1<<UCSZ0) | (0<<UCPOL);
00006e e8e6      	LDI  R30,LOW(134)
00006f bde0      	OUT  0x20,R30
                 ; 0000 0050 UBRRH=0x00;
000070 e0e0      	LDI  R30,LOW(0)
000071 bde0      	OUT  0x20,R30
                 ; 0000 0051 UBRRL=0x33;
000072 e3e3      	LDI  R30,LOW(51)
000073 b9e9      	OUT  0x9,R30
                 ; 0000 0052 
                 ; 0000 0053 
                 ; 0000 0054 // Global enable interrupts
                 ; 0000 0055 //#asm("sei")
                 ; 0000 0056 
                 ; 0000 0057  delay_ms(2000);
000074 eda0      	LDI  R26,LOW(2000)
000075 e0b7      	LDI  R27,HIGH(2000)
000076 d0c2      	RCALL _delay_ms
                 ; 0000 0058 
                 ; 0000 0059  puts("Hello");
                +
000077 e6a0     +LDI R26 , LOW ( _0x3 + ( 0 ) )
000078 e0b1     +LDI R27 , HIGH ( _0x3 + ( 0 ) )
                 	__POINTW2MN _0x3,0
000079 d095      	RCALL _puts
                 ; 0000 005A 
                 ; 0000 005B while (1)
                 _0x4:
                 ; 0000 005C       {
                 ; 0000 005D         if(PINB.0==0 && state==1)
00007a 99b0      	SBIC 0x16,0
00007b c002      	RJMP _0x8
00007c 3001      	CPI  R16,1
00007d f009      	BREQ _0x9
                 _0x8:
00007e c00b      	RJMP _0x7
                 _0x9:
                 ; 0000 005E         {
                 ; 0000 005F             data[count]=TCNT1;
00007f 2fe1      	MOV  R30,R17
000080 d0a1      	RCALL SUBOPT_0x0
000081 0fae      	ADD  R26,R30
000082 1fbf      	ADC  R27,R31
000083 b5ec      	IN   R30,0x2C
000084 b5fd      	IN   R31,0x2C+1
000085 93ed      	ST   X+,R30
000086 93fc      	ST   X,R31
                 ; 0000 0060             count++;
000087 5f1f      	SUBI R17,-1
                 ; 0000 0061             TCNT1=0;
000088 d09e      	RCALL SUBOPT_0x1
                 ; 0000 0062             state=0;
000089 e000      	LDI  R16,LOW(0)
                 ; 0000 0063         }
                 ; 0000 0064         if(PINB.0==1 && state==0)
                 _0x7:
00008a 9bb0      	SBIS 0x16,0
00008b c002      	RJMP _0xB
00008c 3000      	CPI  R16,0
00008d f009      	BREQ _0xC
                 _0xB:
00008e c002      	RJMP _0xA
                 _0xC:
                 ; 0000 0065         {
                 ; 0000 0066 
                 ; 0000 0067             state=1;
00008f e001      	LDI  R16,LOW(1)
                 ; 0000 0068             TCNT1=0;
000090 d096      	RCALL SUBOPT_0x1
                 ; 0000 0069         }
                 ; 0000 006A 
                 ; 0000 006B         if(TCNT1>5000)
                 _0xA:
000091 b5ec      	IN   R30,0x2C
000092 b5fd      	IN   R31,0x2C+1
000093 38e9      	CPI  R30,LOW(0x1389)
000094 e1a3      	LDI  R26,HIGH(0x1389)
000095 07fa      	CPC  R31,R26
000096 f408      	BRSH PC+2
000097 c06e      	RJMP _0xD
                 ; 0000 006C         {
                 ; 0000 006D             if(count>5)
000098 3016      	CPI  R17,6
000099 f408      	BRSH PC+2
00009a c05e      	RJMP _0xE
                 ; 0000 006E             {
                 ; 0000 006F                 for(i=0;i<40;i++)
00009b e030      	LDI  R19,LOW(0)
                 _0x10:
00009c 3238      	CPI  R19,40
00009d f510      	BRSH _0x11
                 ; 0000 0070                 {
                 ; 0000 0071                     if(i>0)
00009e 3031      	CPI  R19,1
00009f f0f0      	BRLO _0x12
                 ; 0000 0072                     {
                 ; 0000 0073                         //if(data[0]/data[i]>5) data[i]=0;
                 ; 0000 0074                         //else data[i]=1;
                 ; 0000 0075                         data[i]=data[0]/data[i];
0000a0 d08b      	RCALL SUBOPT_0x2
0000a1 0fea      	ADD  R30,R26
0000a2 1ffb      	ADC  R31,R27
0000a3 01bf      	MOVW R22,R30
0000a4 d087      	RCALL SUBOPT_0x2
0000a5 0fae      	ADD  R26,R30
0000a6 1fbf      	ADC  R27,R31
0000a7 d0b6      	RCALL __GETW1P
0000a8 81a8      	LD   R26,Y
0000a9 81b9      	LDD  R27,Y+1
0000aa d0a0      	RCALL __DIVW21U
0000ab 01db      	MOVW R26,R22
0000ac 93ed      	ST   X+,R30
0000ad 93fc      	ST   X,R31
                 ; 0000 0076                         if(data[i]>4) data[i]=1;
0000ae d07d      	RCALL SUBOPT_0x2
0000af d07e      	RCALL SUBOPT_0x3
0000b0 d0ad      	RCALL __GETW1P
0000b1 9735      	SBIW R30,5
0000b2 f028      	BRLO _0x13
0000b3 d078      	RCALL SUBOPT_0x2
0000b4 d079      	RCALL SUBOPT_0x3
0000b5 e0e1      	LDI  R30,LOW(1)
0000b6 e0f0      	LDI  R31,HIGH(1)
0000b7 c004      	RJMP _0x32
                 ; 0000 0077                         else data[i]=0;
                 _0x13:
0000b8 d073      	RCALL SUBOPT_0x2
0000b9 d074      	RCALL SUBOPT_0x3
0000ba e0e0      	LDI  R30,LOW(0)
0000bb e0f0      	LDI  R31,HIGH(0)
                 _0x32:
0000bc 93ed      	ST   X+,R30
0000bd 93fc      	ST   X,R31
                 ; 0000 0078                     }
                 ; 0000 0079                     //printf("%d,",data[i]);
                 ; 0000 007A                 }
                 _0x12:
0000be 5f3f      	SUBI R19,-1
0000bf cfdc      	RJMP _0x10
                 _0x11:
                 ; 0000 007B                 address=0;
0000c0 e020      	LDI  R18,LOW(0)
                 ; 0000 007C                 command=0;
0000c1 e050      	LDI  R21,LOW(0)
                 ; 0000 007D                 for(i=0;i<8;i++)
0000c2 e030      	LDI  R19,LOW(0)
                 _0x16:
0000c3 3038      	CPI  R19,8
0000c4 f438      	BRSH _0x17
                 ; 0000 007E                 {
                 ; 0000 007F                     address|=data[i+17]<<i;
0000c5 2fe3      	MOV  R30,R19
0000c6 e0f0      	LDI  R31,0
0000c7 9671      	ADIW R30,17
0000c8 d068      	RCALL SUBOPT_0x4
0000c9 2b2e      	OR   R18,R30
                 ; 0000 0080                 }
0000ca 5f3f      	SUBI R19,-1
0000cb cff7      	RJMP _0x16
                 _0x17:
                 ; 0000 0081                 for(i=0;i<8;i++)
0000cc e030      	LDI  R19,LOW(0)
                 _0x19:
0000cd 3038      	CPI  R19,8
0000ce f438      	BRSH _0x1A
                 ; 0000 0082                 {
                 ; 0000 0083                     command|=data[i+25]<<i;
0000cf 2fe3      	MOV  R30,R19
0000d0 e0f0      	LDI  R31,0
0000d1 9679      	ADIW R30,25
0000d2 d05e      	RCALL SUBOPT_0x4
0000d3 2b5e      	OR   R21,R30
                 ; 0000 0084                 }
0000d4 5f3f      	SUBI R19,-1
0000d5 cff7      	RJMP _0x19
                 _0x1A:
                 ; 0000 0085                 //printf("%d--%d",address,command);
                 ; 0000 0086                 if          (address==231 && command==24) putchar('U');
0000d6 3e27      	CPI  R18,231
0000d7 f411      	BRNE _0x1C
0000d8 3158      	CPI  R21,24
0000d9 f009      	BREQ _0x1D
                 _0x1C:
0000da c002      	RJMP _0x1B
                 _0x1D:
0000db e5a5      	LDI  R26,LOW(85)
0000dc c01b      	RJMP _0x33
                 ; 0000 0087                 else if     (address==227 && command==28) putchar('D');
                 _0x1B:
0000dd 3e23      	CPI  R18,227
0000de f411      	BRNE _0x20
0000df 315c      	CPI  R21,28
0000e0 f009      	BREQ _0x21
                 _0x20:
0000e1 c002      	RJMP _0x1F
                 _0x21:
0000e2 e4a4      	LDI  R26,LOW(68)
0000e3 c014      	RJMP _0x33
                 ; 0000 0088                 else if     (address==184 && command==71) putchar('P');
                 _0x1F:
0000e4 3b28      	CPI  R18,184
0000e5 f411      	BRNE _0x24
0000e6 3457      	CPI  R21,71
0000e7 f009      	BREQ _0x25
                 _0x24:
0000e8 c002      	RJMP _0x23
                 _0x25:
0000e9 e5a0      	LDI  R26,LOW(80)
0000ea c00d      	RJMP _0x33
                 ; 0000 0089                 else if     (address==189 && command==66) putchar('G');
                 _0x23:
0000eb 3b2d      	CPI  R18,189
0000ec f411      	BRNE _0x28
0000ed 3452      	CPI  R21,66
0000ee f009      	BREQ _0x29
                 _0x28:
0000ef c002      	RJMP _0x27
                 _0x29:
0000f0 e4a7      	LDI  R26,LOW(71)
0000f1 c006      	RJMP _0x33
                 ; 0000 008A                 else if     (address==173 && command==82) putchar('R');
                 _0x27:
0000f2 3a2d      	CPI  R18,173
0000f3 f411      	BRNE _0x2C
0000f4 3552      	CPI  R21,82
0000f5 f009      	BREQ _0x2D
                 _0x2C:
0000f6 c002      	RJMP _0x2B
                 _0x2D:
0000f7 e5a2      	LDI  R26,LOW(82)
                 _0x33:
0000f8 d00f      	RCALL _putchar
                 ; 0000 008B             }
                 _0x2B:
                 ; 0000 008C             count=0;
                 _0xE:
0000f9 e010      	LDI  R17,LOW(0)
                 ; 0000 008D             for(i=0;i<40;i++) data[i]=0;
0000fa e030      	LDI  R19,LOW(0)
                 _0x2F:
0000fb 3238      	CPI  R19,40
0000fc f440      	BRSH _0x30
0000fd d02e      	RCALL SUBOPT_0x2
0000fe d02f      	RCALL SUBOPT_0x3
0000ff e0e0      	LDI  R30,LOW(0)
000100 e0f0      	LDI  R31,HIGH(0)
000101 93ed      	ST   X+,R30
000102 93fc      	ST   X,R31
000103 5f3f      	SUBI R19,-1
000104 cff6      	RJMP _0x2F
                 _0x30:
                 ; 0000 008E TCNT1=0;
000105 d021      	RCALL SUBOPT_0x1
                 ; 0000 008F         }
                 ; 0000 0090 
                 ; 0000 0091       }
                 _0xD:
000106 cf73      	RJMP _0x4
                 ; 0000 0092 }
                 _0x31:
000107 cfff      	RJMP _0x31
                 ; .FEND
                 
                 	.DSEG
                 _0x3:
000160           	.BYTE 0x6
                 	#ifndef __SLEEP_DEFINED__
                 	#endif
                 
                 	.CSEG
                 _putchar:
                 ; .FSTART _putchar
000108 93aa      	ST   -Y,R26
                 putchar0:
000109 9b5d           sbis usr,udre
00010a cffe           rjmp putchar0
00010b 81e8           ld   r30,y
00010c b9ec           out  udr,r30
00010d 9621      	ADIW R28,1
00010e 9508      	RET
                 ; .FEND
                 _puts:
                 ; .FSTART _puts
00010f 93ba      	ST   -Y,R27
000110 93aa      	ST   -Y,R26
000111 931a      	ST   -Y,R17
                 _0x2000003:
000112 81a9      	LDD  R26,Y+1
000113 81ba      	LDD  R27,Y+1+1
000114 91ed      	LD   R30,X+
000115 83a9      	STD  Y+1,R26
000116 83ba      	STD  Y+1+1,R27
000117 2f1e      	MOV  R17,R30
000118 30e0      	CPI  R30,0
000119 f019      	BREQ _0x2000005
00011a 2fa1      	MOV  R26,R17
00011b dfec      	RCALL _putchar
00011c cff5      	RJMP _0x2000003
                 _0x2000005:
00011d e0aa      	LDI  R26,LOW(10)
00011e dfe9      	RCALL _putchar
00011f 8118      	LDD  R17,Y+0
000120 9623      	ADIW R28,3
000121 9508      	RET
                 ; .FEND
                 
                 	.CSEG
                 
                 	.CSEG
                 
                 	.CSEG
                 ;OPTIMIZER ADDED SUBROUTINE, CALLED 7 TIMES, CODE SIZE REDUCTION:22 WORDS
                 SUBOPT_0x0:
000122 e0f0      	LDI  R31,0
000123 01de      	MOVW R26,R28
000124 0fee      	LSL  R30
000125 1fff      	ROL  R31
000126 9508      	RET
                 
                 ;OPTIMIZER ADDED SUBROUTINE, CALLED 3 TIMES, CODE SIZE REDUCTION:4 WORDS
                 SUBOPT_0x1:
000127 e0e0      	LDI  R30,LOW(0)
000128 e0f0      	LDI  R31,HIGH(0)
000129 bdfd      	OUT  0x2C+1,R31
00012a bdec      	OUT  0x2C,R30
00012b 9508      	RET
                 
                 ;OPTIMIZER ADDED SUBROUTINE, CALLED 6 TIMES, CODE SIZE REDUCTION:3 WORDS
                 SUBOPT_0x2:
00012c 2fe3      	MOV  R30,R19
00012d cff4      	RJMP SUBOPT_0x0
                 
                 ;OPTIMIZER ADDED SUBROUTINE, CALLED 6 TIMES, CODE SIZE REDUCTION:3 WORDS
                 SUBOPT_0x3:
00012e 0fae      	ADD  R26,R30
00012f 1fbf      	ADC  R27,R31
000130 9508      	RET
                 
                 ;OPTIMIZER ADDED SUBROUTINE, CALLED 2 TIMES, CODE SIZE REDUCTION:5 WORDS
                 SUBOPT_0x4:
000131 01de      	MOVW R26,R28
000132 0fee      	LSL  R30
000133 1fff      	ROL  R31
000134 dff9      	RCALL SUBOPT_0x3
000135 91ac      	LD   R26,X
000136 2fe3      	MOV  R30,R19
000137 d00b      	RCALL __LSLB12
000138 9508      	RET
                 
                 
                 	.CSEG
                 _delay_ms:
000139 9610      	adiw r26,0
00013a f039      	breq __delay_ms1
                 __delay_ms0:
                +
00013b ed80     +LDI R24 , LOW ( 0x7D0 )
00013c e097     +LDI R25 , HIGH ( 0x7D0 )
                +__DELAY_USW_LOOP :
00013d 9701     +SBIW R24 , 1
00013e f7f1     +BRNE __DELAY_USW_LOOP
                 	__DELAY_USW 0x7D0
00013f 95a8      	wdr
000140 9711      	sbiw r26,1
000141 f7c9      	brne __delay_ms0
                 __delay_ms1:
000142 9508      	ret
                 
                 __LSLB12:
000143 23ee      	TST  R30
000144 2e0e      	MOV  R0,R30
000145 2fea      	MOV  R30,R26
000146 f019      	BREQ __LSLB12R
                 __LSLB12L:
000147 0fee      	LSL  R30
000148 940a      	DEC  R0
000149 f7e9      	BRNE __LSLB12L
                 __LSLB12R:
00014a 9508      	RET
                 
                 __DIVW21U:
00014b 2400      	CLR  R0
00014c 2411      	CLR  R1
00014d e190      	LDI  R25,16
                 __DIVW21U1:
00014e 0faa      	LSL  R26
00014f 1fbb      	ROL  R27
000150 1c00      	ROL  R0
000151 1c11      	ROL  R1
000152 1a0e      	SUB  R0,R30
000153 0a1f      	SBC  R1,R31
000154 f418      	BRCC __DIVW21U2
000155 0e0e      	ADD  R0,R30
000156 1e1f      	ADC  R1,R31
000157 c001      	RJMP __DIVW21U3
                 __DIVW21U2:
000158 60a1      	SBR  R26,1
                 __DIVW21U3:
000159 959a      	DEC  R25
00015a f799      	BRNE __DIVW21U1
00015b 01fd      	MOVW R30,R26
00015c 01d0      	MOVW R26,R0
00015d 9508      	RET
                 
                 __GETW1P:
00015e 91ed      	LD   R30,X+
00015f 91fc      	LD   R31,X
000160 9711      	SBIW R26,1
000161 9508      	RET
                 
                 ;END OF CODE MARKER
                 __END_OF_CODE:


RESOURCE USE INFORMATION
------------------------

Notice:
The register and instruction counts are symbol table hit counts,
and hence implicitly used resources are not counted, eg, the
'lpm' instruction without operands implicitly uses r0 and z,
none of which are counted.

x,y,z are separate entities in the symbol table and are
counted separately from r26..r31 here.

.dseg memory usage only counts static data declared with .byte

ATmega8A register use summary:
r0 :  11 r1 :   5 r2 :   0 r3 :   0 r4 :   0 r5 :   0 r6 :   0 r7 :   0 
r8 :   0 r9 :   0 r10:   0 r11:   0 r12:   0 r13:   0 r14:   0 r15:   0 
r16:   5 r17:   9 r18:   7 r19:  18 r20:   0 r21:   7 r22:   4 r23:   0 
r24:   9 r25:   5 r26:  35 r27:  13 r28:   7 r29:   1 r30:  87 r31:  27 
x  :  15 y  :  12 z  :   7 
Registers used: 19 out of 35 (54.3%)

ATmega8A instruction use summary:
.lds  :   0 .lds.l:   0 .sts  :   0 .sts.l:   0 adc   :   5 add   :   5 
adiw  :   5 and   :   0 andi  :   0 asr   :   0 bclr  :   0 bld   :   0 
brbc  :   0 brbs  :   0 brcc  :   1 brcs  :   0 break :   0 breq  :  11 
brge  :   0 brhc  :   0 brhs  :   0 brid  :   0 brie  :   0 brlo  :   2 
brlt  :   0 brmi  :   0 brne  :  12 brpl  :   0 brsh  :   6 brtc  :   0 
brts  :   0 brvc  :   0 brvs  :   0 bset  :   0 bst   :   0 cbi   :   0 
cbr   :   0 clc   :   0 clh   :   0 cli   :   1 cln   :   0 clr   :   4 
cls   :   0 clt   :   0 clv   :   0 clz   :   0 com   :   0 cp    :   0 
cpc   :   1 cpi   :  20 cpse  :   0 dec   :   3 des   :   0 eor   :   0 
fmul  :   0 fmuls :   0 fmulsu:   0 icall :   0 ijmp  :   0 in    :   5 
inc   :   0 ld    :   6 ldd   :   4 ldi   :  59 lds   :   0 lpm   :   7 
lsl   :   4 lsr   :   0 mov   :   9 movw  :   9 mul   :   0 muls  :   0 
mulsu :   0 neg   :   0 nop   :   0 or    :   2 ori   :   1 out   :  28 
pop   :   0 push  :   0 rcall :  26 ret   :  10 reti  :   1 rjmp  :  47 
rol   :   5 ror   :   0 sbc   :   1 sbci  :   0 sbi   :   0 sbic  :   1 
sbis  :   2 sbiw  :   9 sbr   :   1 sbrc  :   0 sbrs  :   0 sec   :   0 
seh   :   0 sei   :   0 sen   :   0 ser   :   0 ses   :   0 set   :   0 
sev   :   0 sez   :   0 sleep :   0 spm   :   0 st    :  15 std   :   2 
sts   :   0 sub   :   1 subi  :   5 swap  :   0 tst   :   1 wdr   :   1 

Instructions used: 40 out of 114 (35.1%)

ATmega8A memory use summary [bytes]:
Segment   Begin    End      Code   Data   Used    Size   Use%
---------------------------------------------------------------
[.cseg] 0x000000 0x0002c4    676     32    708    8192   8.6%
[.dseg] 0x000060 0x000166      0      6      6    1024   0.6%
[.eseg] 0x000000 0x000000      0      0      0     512   0.0%

Assembly complete, 0 errors, 0 warnings
